<?xml version="1.0" encoding="UTF-8"?>
<!-- Generated by org.testng.reporters.JUnitReportReporter -->
<testsuite skipped="0" hostname="PF19GW9M" name="com.OrangeHRM.SikuliFileUpload" tests="1" failures="0" timestamp="22 Dec 2020 05:06:38 GMT" time="31.539" errors="0">
  <testcase name="FileUpload_UsingSikuli" time="31.539" classname="com.OrangeHRM.SikuliFileUpload"/>
</testsuite> <!-- com.OrangeHRM.SikuliFileUpload -->
