<?xml version="1.0" encoding="UTF-8"?>
<!-- Generated by org.testng.reporters.JUnitReportReporter -->
<testsuite skipped="0" hostname="PF19GW9M" name="com.OrangeHRM.MouseHover" tests="1" failures="0" timestamp="21 Dec 2020 12:16:37 GMT" time="31.798" errors="0">
  <testcase name="MouseHoverYatra" time="31.798" classname="com.OrangeHRM.MouseHover"/>
</testsuite> <!-- com.OrangeHRM.MouseHover -->
