<?xml version="1.0" encoding="UTF-8"?>
<!-- Generated by org.testng.reporters.JUnitReportReporter -->
<testsuite skipped="0" hostname="PF19GW9M" name="com.OrangeHRM.LoginToHRMFromExcel" tests="3" failures="0" timestamp="21 Dec 2020 09:58:20 GMT" time="47.205" errors="0">
  <testcase name="Sign_On" time="19.731" classname="com.OrangeHRM.LoginToHRMFromExcel"/>
  <testcase name="Sign_On" time="13.622" classname="com.OrangeHRM.LoginToHRMFromExcel"/>
  <testcase name="Sign_On" time="13.852" classname="com.OrangeHRM.LoginToHRMFromExcel"/>
</testsuite> <!-- com.OrangeHRM.LoginToHRMFromExcel -->
