<?xml version="1.0" encoding="UTF-8"?>
<!-- Generated by org.testng.reporters.JUnitReportReporter -->
<testsuite skipped="0" hostname="PF19GW9M" name="com.OrangeHRM.LoginTest" tests="3" failures="0" timestamp="15 Dec 2020 06:34:09 GMT" time="49.085" errors="0">
  <testcase name="login" time="26.341" classname="com.OrangeHRM.LoginTest"/>
  <testcase name="addUser" time="18.051" classname="com.OrangeHRM.LoginTest"/>
  <testcase name="logout" time="4.693" classname="com.OrangeHRM.LoginTest"/>
</testsuite> <!-- com.OrangeHRM.LoginTest -->
