<?xml version="1.0" encoding="UTF-8"?>
<!-- Generated by org.testng.reporters.JUnitReportReporter -->
<testsuite skipped="0" hostname="PF19GW9M" name="com.OrangeHRM.SendKeysKeyboard" tests="1" failures="0" timestamp="22 Dec 2020 04:06:09 GMT" time="13.458" errors="0">
  <testcase name="moveByOffset" time="13.458" classname="com.OrangeHRM.SendKeysKeyboard"/>
</testsuite> <!-- com.OrangeHRM.SendKeysKeyboard -->
