<?xml version="1.0" encoding="UTF-8"?>
<!-- Generated by org.testng.reporters.JUnitReportReporter -->
<testsuite skipped="0" hostname="PF19GW9M" name="com.OrangeHRM.CreateDB" tests="1" failures="0" timestamp="21 Dec 2020 11:06:05 GMT" time="1.042" errors="0">
  <testcase name="ConnectSQLDB" time="1.042" classname="com.OrangeHRM.CreateDB"/>
</testsuite> <!-- com.OrangeHRM.CreateDB -->
