<?xml version="1.0" encoding="UTF-8"?>
<!-- Generated by org.testng.reporters.JUnitReportReporter -->
<testsuite skipped="0" hostname="PF19GW9M" name="com.OrangeHRM.DoubleClick" tests="1" failures="0" timestamp="21 Dec 2020 12:06:12 GMT" time="13.898" errors="0">
  <testcase name="DragDrop" time="13.898" classname="com.OrangeHRM.DoubleClick"/>
</testsuite> <!-- com.OrangeHRM.DoubleClick -->
