<?xml version="1.0" encoding="UTF-8"?>
<!-- Generated by org.testng.reporters.JUnitReportReporter -->
<testsuite skipped="0" hostname="PF19GW9M" name="com.OrangeHRM.DragDrop" tests="1" failures="0" timestamp="21 Dec 2020 12:20:40 GMT" time="16.845" errors="0">
  <testcase name="DragandDrop" time="16.845" classname="com.OrangeHRM.DragDrop"/>
</testsuite> <!-- com.OrangeHRM.DragDrop -->
