<?xml version="1.0" encoding="UTF-8"?>
<!-- Generated by org.testng.reporters.JUnitReportReporter -->
<testsuite skipped="0" hostname="PF19GW9M" name="com.OrangeHRM.ReadDataFromDocbase" tests="1" failures="0" timestamp="21 Dec 2020 11:31:21 GMT" time="34.178" errors="0">
  <testcase name="ConnectSQLDB" time="34.178" classname="com.OrangeHRM.ReadDataFromDocbase"/>
</testsuite> <!-- com.OrangeHRM.ReadDataFromDocbase -->
